<?xml version="1.0" encoding="UTF-8"?>
<!-- Generated by org.testng.reporters.JUnitReportReporter -->
<testsuite skipped="0" hostname="Apples-MacBook-Air.local" name="com.crm.qa.testcases.LoginPageTest" tests="3" failures="0" timestamp="2020-10-29T17:17:18 IST" time="8.420" errors="0">
  <testcase name="loginPageTitleTest" time="0.020" classname="com.crm.qa.testcases.LoginPageTest"/>
  <system-out/>
  <testcase name="crmLogoImageTest" time="0.069" classname="com.crm.qa.testcases.LoginPageTest"/>
  <system-out/>
  <testcase name="loginPage" time="8.331" classname="com.crm.qa.testcases.LoginPageTest"/>
  <system-out/>
</testsuite> <!-- com.crm.qa.testcases.LoginPageTest -->
